<?xml version="1.0" encoding="UTF-8"?>
<testng-results skipped="0" failed="0" total="7" passed="7">
  <reporter-output>
  </reporter-output>
  <suite name="Default suite" duration-ms="84993" started-at="2019-02-10T05:32:12Z" finished-at="2019-02-10T05:33:37Z">
    <groups>
    </groups>
    <test name="Default test" duration-ms="84993" started-at="2019-02-10T05:32:12Z" finished-at="2019-02-10T05:33:37Z">
      <class name="com.datadriven.test.HalfEbayTest">
        <test-method status="PASS" signature="setUp()[pri:0, instance:com.datadriven.test.HalfEbayTest@4501b7af]" name="setUp" is-config="true" duration-ms="7910" started-at="2019-02-10T11:02:13Z" finished-at="2019-02-10T11:02:20Z">
          <reporter-output>
          </reporter-output>
        </test-method> <!-- setUp -->
        <test-method status="PASS" signature="halfEbayRegPageTest(java.lang.String, java.lang.String, java.lang.String)[pri:0, instance:com.datadriven.test.HalfEbayTest@4501b7af]" name="halfEbayRegPageTest" duration-ms="543" started-at="2019-02-10T11:02:20Z" data-provider="getTestData" finished-at="2019-02-10T11:02:21Z">
          <params>
            <param index="0">
              <value>
                <![CDATA[THIRU]]>
              </value>
            </param>
            <param index="1">
              <value>
                <![CDATA[BOLISHETTI]]>
              </value>
            </param>
            <param index="2">
              <value>
                <![CDATA[13/21/18]]>
              </value>
            </param>
          </params>
          <reporter-output>
          </reporter-output>
        </test-method> <!-- halfEbayRegPageTest -->
        <test-method status="PASS" signature="tearDown()[pri:0, instance:com.datadriven.test.HalfEbayTest@4501b7af]" name="tearDown" is-config="true" duration-ms="905" started-at="2019-02-10T11:02:21Z" finished-at="2019-02-10T11:02:22Z">
          <reporter-output>
          </reporter-output>
        </test-method> <!-- tearDown -->
        <test-method status="PASS" signature="setUp()[pri:0, instance:com.datadriven.test.HalfEbayTest@4501b7af]" name="setUp" is-config="true" duration-ms="9622" started-at="2019-02-10T11:02:22Z" finished-at="2019-02-10T11:02:32Z">
          <reporter-output>
          </reporter-output>
        </test-method> <!-- setUp -->
        <test-method status="PASS" signature="halfEbayRegPageTest(java.lang.String, java.lang.String, java.lang.String)[pri:0, instance:com.datadriven.test.HalfEbayTest@4501b7af]" name="halfEbayRegPageTest" duration-ms="2641" started-at="2019-02-10T11:02:32Z" data-provider="getTestData" finished-at="2019-02-10T11:02:34Z">
          <params>
            <param index="0">
              <value>
                <![CDATA[subbu]]>
              </value>
            </param>
            <param index="1">
              <value>
                <![CDATA[chari]]>
              </value>
            </param>
            <param index="2">
              <value>
                <![CDATA[14/21/18]]>
              </value>
            </param>
          </params>
          <reporter-output>
          </reporter-output>
        </test-method> <!-- halfEbayRegPageTest -->
        <test-method status="PASS" signature="tearDown()[pri:0, instance:com.datadriven.test.HalfEbayTest@4501b7af]" name="tearDown" is-config="true" duration-ms="780" started-at="2019-02-10T11:02:34Z" finished-at="2019-02-10T11:02:35Z">
          <reporter-output>
          </reporter-output>
        </test-method> <!-- tearDown -->
        <test-method status="PASS" signature="setUp()[pri:0, instance:com.datadriven.test.HalfEbayTest@4501b7af]" name="setUp" is-config="true" duration-ms="10613" started-at="2019-02-10T11:02:35Z" finished-at="2019-02-10T11:02:46Z">
          <reporter-output>
          </reporter-output>
        </test-method> <!-- setUp -->
        <test-method status="PASS" signature="halfEbayRegPageTest(java.lang.String, java.lang.String, java.lang.String)[pri:0, instance:com.datadriven.test.HalfEbayTest@4501b7af]" name="halfEbayRegPageTest" duration-ms="1940" started-at="2019-02-10T11:02:46Z" data-provider="getTestData" finished-at="2019-02-10T11:02:48Z">
          <params>
            <param index="0">
              <value>
                <![CDATA[Jaggu]]>
              </value>
            </param>
            <param index="1">
              <value>
                <![CDATA[Dish]]>
              </value>
            </param>
            <param index="2">
              <value>
                <![CDATA[15/21/18]]>
              </value>
            </param>
          </params>
          <reporter-output>
          </reporter-output>
        </test-method> <!-- halfEbayRegPageTest -->
        <test-method status="PASS" signature="tearDown()[pri:0, instance:com.datadriven.test.HalfEbayTest@4501b7af]" name="tearDown" is-config="true" duration-ms="763" started-at="2019-02-10T11:02:48Z" finished-at="2019-02-10T11:02:48Z">
          <reporter-output>
          </reporter-output>
        </test-method> <!-- tearDown -->
        <test-method status="PASS" signature="setUp()[pri:0, instance:com.datadriven.test.HalfEbayTest@4501b7af]" name="setUp" is-config="true" duration-ms="8297" started-at="2019-02-10T11:02:48Z" finished-at="2019-02-10T11:02:57Z">
          <reporter-output>
          </reporter-output>
        </test-method> <!-- setUp -->
        <test-method status="PASS" signature="halfEbayRegPageTest(java.lang.String, java.lang.String, java.lang.String)[pri:0, instance:com.datadriven.test.HalfEbayTest@4501b7af]" name="halfEbayRegPageTest" duration-ms="1406" started-at="2019-02-10T11:02:57Z" data-provider="getTestData" finished-at="2019-02-10T11:02:58Z">
          <params>
            <param index="0">
              <value>
                <![CDATA[123laddu ]]>
              </value>
            </param>
            <param index="1">
              <value>
                <![CDATA[098FFF]]>
              </value>
            </param>
            <param index="2">
              <value>
                <![CDATA[16/21/18]]>
              </value>
            </param>
          </params>
          <reporter-output>
          </reporter-output>
        </test-method> <!-- halfEbayRegPageTest -->
        <test-method status="PASS" signature="tearDown()[pri:0, instance:com.datadriven.test.HalfEbayTest@4501b7af]" name="tearDown" is-config="true" duration-ms="731" started-at="2019-02-10T11:02:58Z" finished-at="2019-02-10T11:02:59Z">
          <reporter-output>
          </reporter-output>
        </test-method> <!-- tearDown -->
        <test-method status="PASS" signature="setUp()[pri:0, instance:com.datadriven.test.HalfEbayTest@4501b7af]" name="setUp" is-config="true" duration-ms="9822" started-at="2019-02-10T11:02:59Z" finished-at="2019-02-10T11:03:09Z">
          <reporter-output>
          </reporter-output>
        </test-method> <!-- setUp -->
        <test-method status="PASS" signature="halfEbayRegPageTest(java.lang.String, java.lang.String, java.lang.String)[pri:0, instance:com.datadriven.test.HalfEbayTest@4501b7af]" name="halfEbayRegPageTest" duration-ms="2009" started-at="2019-02-10T11:03:09Z" data-provider="getTestData" finished-at="2019-02-10T11:03:11Z">
          <params>
            <param index="0">
              <value>
                <![CDATA[milky765]]>
              </value>
            </param>
            <param index="1">
              <value>
                <![CDATA[jana sri234]]>
              </value>
            </param>
            <param index="2">
              <value>
                <![CDATA[17/21/18]]>
              </value>
            </param>
          </params>
          <reporter-output>
          </reporter-output>
        </test-method> <!-- halfEbayRegPageTest -->
        <test-method status="PASS" signature="tearDown()[pri:0, instance:com.datadriven.test.HalfEbayTest@4501b7af]" name="tearDown" is-config="true" duration-ms="810" started-at="2019-02-10T11:03:11Z" finished-at="2019-02-10T11:03:11Z">
          <reporter-output>
          </reporter-output>
        </test-method> <!-- tearDown -->
        <test-method status="PASS" signature="setUp()[pri:0, instance:com.datadriven.test.HalfEbayTest@4501b7af]" name="setUp" is-config="true" duration-ms="11433" started-at="2019-02-10T11:03:11Z" finished-at="2019-02-10T11:03:23Z">
          <reporter-output>
          </reporter-output>
        </test-method> <!-- setUp -->
        <test-method status="PASS" signature="halfEbayRegPageTest(java.lang.String, java.lang.String, java.lang.String)[pri:0, instance:com.datadriven.test.HalfEbayTest@4501b7af]" name="halfEbayRegPageTest" duration-ms="472" started-at="2019-02-10T11:03:23Z" data-provider="getTestData" finished-at="2019-02-10T11:03:23Z">
          <params>
            <param index="0">
              <value>
                <![CDATA[123456.0]]>
              </value>
            </param>
            <param index="1">
              <value>
                <![CDATA[789012.0]]>
              </value>
            </param>
            <param index="2">
              <value>
                <![CDATA[18/21/18]]>
              </value>
            </param>
          </params>
          <reporter-output>
          </reporter-output>
        </test-method> <!-- halfEbayRegPageTest -->
        <test-method status="PASS" signature="tearDown()[pri:0, instance:com.datadriven.test.HalfEbayTest@4501b7af]" name="tearDown" is-config="true" duration-ms="767" started-at="2019-02-10T11:03:23Z" finished-at="2019-02-10T11:03:24Z">
          <reporter-output>
          </reporter-output>
        </test-method> <!-- tearDown -->
        <test-method status="PASS" signature="setUp()[pri:0, instance:com.datadriven.test.HalfEbayTest@4501b7af]" name="setUp" is-config="true" duration-ms="11307" started-at="2019-02-10T11:03:24Z" finished-at="2019-02-10T11:03:35Z">
          <reporter-output>
          </reporter-output>
        </test-method> <!-- setUp -->
        <test-method status="PASS" signature="halfEbayRegPageTest(java.lang.String, java.lang.String, java.lang.String)[pri:0, instance:com.datadriven.test.HalfEbayTest@4501b7af]" name="halfEbayRegPageTest" duration-ms="819" started-at="2019-02-10T11:03:35Z" data-provider="getTestData" finished-at="2019-02-10T11:03:36Z">
          <params>
            <param index="0">
              <value>
                <![CDATA[#]]>
              </value>
            </param>
            <param index="1">
              <value>
                <![CDATA[@]]>
              </value>
            </param>
            <param index="2">
              <value>
                <![CDATA[19/21/18]]>
              </value>
            </param>
          </params>
          <reporter-output>
          </reporter-output>
        </test-method> <!-- halfEbayRegPageTest -->
        <test-method status="PASS" signature="tearDown()[pri:0, instance:com.datadriven.test.HalfEbayTest@4501b7af]" name="tearDown" is-config="true" duration-ms="739" started-at="2019-02-10T11:03:36Z" finished-at="2019-02-10T11:03:37Z">
          <reporter-output>
          </reporter-output>
        </test-method> <!-- tearDown -->
      </class> <!-- com.datadriven.test.HalfEbayTest -->
    </test> <!-- Default test -->
  </suite> <!-- Default suite -->
</testng-results>
